0 info it worked if it ends with ok
1 verbose cli [ '/usr/local/Cellar/node/6.2.0/bin/node',
1 verbose cli   '/usr/local/bin/npm',
1 verbose cli   'run',
1 verbose cli   'build' ]
2 info using npm@3.8.9
3 info using node@v6.2.0
4 verbose run-script [ 'prebuild', 'build', 'postbuild' ]
5 info lifecycle sunxiaoxu@1.0.0~prebuild: sunxiaoxu@1.0.0
6 silly lifecycle sunxiaoxu@1.0.0~prebuild: no script for prebuild, continuing
7 info lifecycle sunxiaoxu@1.0.0~build: sunxiaoxu@1.0.0
8 verbose lifecycle sunxiaoxu@1.0.0~build: unsafe-perm in lifecycle true
9 verbose lifecycle sunxiaoxu@1.0.0~build: PATH: /usr/local/lib/node_modules/npm/bin/node-gyp-bin:/Users/cici/Documents/sxx/github/sunxiaoxu/node_modules/.bin:/usr/local/Cellar/node/6.2.0/bin:/usr/local/bin:/usr/bin:/bin:/usr/sbin:/sbin
10 verbose lifecycle sunxiaoxu@1.0.0~build: CWD: /Users/cici/Documents/sxx/github/sunxiaoxu
11 silly lifecycle sunxiaoxu@1.0.0~build: Args: [ '-c', 'webpack --progress --profile --colors --devtool' ]
12 silly lifecycle sunxiaoxu@1.0.0~build: Returned: code: 1  signal: null
13 info lifecycle sunxiaoxu@1.0.0~build: Failed to exec build script
14 verbose stack Error: sunxiaoxu@1.0.0 build: `webpack --progress --profile --colors --devtool`
14 verbose stack Exit status 1
14 verbose stack     at EventEmitter.<anonymous> (/usr/local/lib/node_modules/npm/lib/utils/lifecycle.js:245:16)
14 verbose stack     at emitTwo (events.js:106:13)
14 verbose stack     at EventEmitter.emit (events.js:191:7)
14 verbose stack     at ChildProcess.<anonymous> (/usr/local/lib/node_modules/npm/lib/utils/spawn.js:24:14)
14 verbose stack     at emitTwo (events.js:106:13)
14 verbose stack     at ChildProcess.emit (events.js:191:7)
14 verbose stack     at maybeClose (internal/child_process.js:850:16)
14 verbose stack     at Process.ChildProcess._handle.onexit (internal/child_process.js:215:5)
15 verbose pkgid sunxiaoxu@1.0.0
16 verbose cwd /Users/cici/Documents/sxx/github/sunxiaoxu
17 error Darwin 15.4.0
18 error argv "/usr/local/Cellar/node/6.2.0/bin/node" "/usr/local/bin/npm" "run" "build"
19 error node v6.2.0
20 error npm  v3.8.9
21 error code ELIFECYCLE
22 error sunxiaoxu@1.0.0 build: `webpack --progress --profile --colors --devtool`
22 error Exit status 1
23 error Failed at the sunxiaoxu@1.0.0 build script 'webpack --progress --profile --colors --devtool'.
23 error Make sure you have the latest version of node.js and npm installed.
23 error If you do, this is most likely a problem with the sunxiaoxu package,
23 error not with npm itself.
23 error Tell the author that this fails on your system:
23 error     webpack --progress --profile --colors --devtool
23 error You can get information on how to open an issue for this project with:
23 error     npm bugs sunxiaoxu
23 error Or if that isn't available, you can get their info via:
23 error     npm owner ls sunxiaoxu
23 error There is likely additional logging output above.
24 verbose exit [ 1, true ]
